Error: Failed to lookup view "index"
    at Function.app.render (/home/ubuntu/calebwang/node_modules/express/lib/application.js:492:17)
    at ServerResponse.res.render (/home/ubuntu/calebwang/node_modules/express/lib/response.js:721:7)
    at fs.readDir.i (/home/ubuntu/calebwang/app.js:25:9)
    at callbacks (/home/ubuntu/calebwang/node_modules/express/lib/router/index.js:161:37)
    at param (/home/ubuntu/calebwang/node_modules/express/lib/router/index.js:135:11)
    at pass (/home/ubuntu/calebwang/node_modules/express/lib/router/index.js:142:5)
    at Router._dispatch (/home/ubuntu/calebwang/node_modules/express/lib/router/index.js:170:5)
    at Object.router (/home/ubuntu/calebwang/node_modules/express/lib/router/index.js:33:10)
    at next (/home/ubuntu/calebwang/node_modules/express/node_modules/connect/lib/proto.js:199:15)
    at resume (/home/ubuntu/calebwang/node_modules/express/node_modules/connect/lib/middleware/static.js:60:7)
Error: Failed to lookup view "index"
    at Function.app.render (/home/ubuntu/calebwang/node_modules/express/lib/application.js:492:17)
    at ServerResponse.res.render (/home/ubuntu/calebwang/node_modules/express/lib/response.js:721:7)
    at fs.readDir.i (/home/ubuntu/calebwang/app.js:25:9)
    at callbacks (/home/ubuntu/calebwang/node_modules/express/lib/router/index.js:161:37)
    at param (/home/ubuntu/calebwang/node_modules/express/lib/router/index.js:135:11)
    at pass (/home/ubuntu/calebwang/node_modules/express/lib/router/index.js:142:5)
    at Router._dispatch (/home/ubuntu/calebwang/node_modules/express/lib/router/index.js:170:5)
    at Object.router (/home/ubuntu/calebwang/node_modules/express/lib/router/index.js:33:10)
    at next (/home/ubuntu/calebwang/node_modules/express/node_modules/connect/lib/proto.js:199:15)
    at resume (/home/ubuntu/calebwang/node_modules/express/node_modules/connect/lib/middleware/static.js:60:7)
SyntaxError: Unexpected token :
    at Object.Function (<anonymous>)
    at Object.exports.compile (/home/ubuntu/calebwang.net/node_modules/jade/lib/jade.js:176:8)
    at Object.exports.render (/home/ubuntu/calebwang.net/node_modules/jade/lib/jade.js:215:17)
    at View.exports.renderFile [as engine] (/home/ubuntu/calebwang.net/node_modules/jade/lib/jade.js:243:13)
    at View.render (/home/ubuntu/calebwang.net/node_modules/express/lib/view.js:75:8)
    at Function.app.render (/home/ubuntu/calebwang.net/node_modules/express/lib/application.js:503:10)
    at ServerResponse.res.render (/home/ubuntu/calebwang.net/node_modules/express/lib/response.js:721:7)
    at fs.readDir.i (/home/ubuntu/calebwang.net/app.js:41:9)
    at callbacks (/home/ubuntu/calebwang.net/node_modules/express/lib/router/index.js:161:37)
    at param (/home/ubuntu/calebwang.net/node_modules/express/lib/router/index.js:135:11)
